###############################################################################
#                                                                             #
# IAR ANSI C/C++ Compiler V6.40.1.53790/W32 for ARM     23/Mar/2016  10:37:15 #
# Copyright 1999-2012 IAR Systems AB.                                         #
#                                                                             #
#    Cpu mode     =  thumb                                                    #
#    Endian       =  little                                                   #
#    Source file  =  E:\code\STM32\FreeRTOS\Common\Minimal\flash.c            #
#    Command line =  E:\code\STM32\FreeRTOS\Common\Minimal\flash.c -D         #
#                    VECT_TAB_FLASH -D IAR_ARM_CM3 -lcN                       #
#                    E:\code\STM32\FreeRTOS\RTOS_test\Debug\List\             #
#                    --diag_suppress Pa082,pe191 -o                           #
#                    E:\code\STM32\FreeRTOS\RTOS_test\Debug\Obj\ --no_cse     #
#                    --no_unroll --no_inline --no_code_motion --no_tbaa       #
#                    --no_clustering --no_scheduling --debug --endian=little  #
#                    --cpu=Cortex-M3 -e --fpu=None --dlib_config "C:\Program  #
#                    Files (x86)\IAR Systems\Embedded Workbench               #
#                    6.4\arm\INC\c\DLib_Config_Full.h" -I                     #
#                    E:\code\STM32\FreeRTOS\RTOS_test\.\ -I                   #
#                    E:\code\STM32\FreeRTOS\RTOS_test\STM32F10xFWLib\inc\ -I  #
#                    E:\code\STM32\FreeRTOS\RTOS_test\..\..\Source\include\   #
#                    -I E:\code\STM32\FreeRTOS\RTOS_test\..\common\include\   #
#                    -Ol --use_c++_inline --require_prototypes                #
#    List file    =  E:\code\STM32\FreeRTOS\RTOS_test\Debug\List\flash.lst    #
#    Object file  =  E:\code\STM32\FreeRTOS\RTOS_test\Debug\Obj\flash.o       #
#                                                                             #
#                                                                             #
###############################################################################

E:\code\STM32\FreeRTOS\Common\Minimal\flash.c
      1          /*
      2              FreeRTOS V9.0.0rc1 - Copyright (C) 2016 Real Time Engineers Ltd.
      3              All rights reserved
      4          
      5              VISIT http://www.FreeRTOS.org TO ENSURE YOU ARE USING THE LATEST VERSION.
      6          
      7              This file is part of the FreeRTOS distribution.
      8          
      9              FreeRTOS is free software; you can redistribute it and/or modify it under
     10              the terms of the GNU General Public License (version 2) as published by the
     11              Free Software Foundation >>>> AND MODIFIED BY <<<< the FreeRTOS exception.
     12          
     13              ***************************************************************************
     14              >>!   NOTE: The modification to the GPL is included to allow you to     !<<
     15              >>!   distribute a combined work that includes FreeRTOS without being   !<<
     16              >>!   obliged to provide the source code for proprietary components     !<<
     17              >>!   outside of the FreeRTOS kernel.                                   !<<
     18              ***************************************************************************
     19          
     20              FreeRTOS is distributed in the hope that it will be useful, but WITHOUT ANY
     21              WARRANTY; without even the implied warranty of MERCHANTABILITY or FITNESS
     22              FOR A PARTICULAR PURPOSE.  Full license text is available on the following
     23              link: http://www.freertos.org/a00114.html
     24          
     25              ***************************************************************************
     26               *                                                                       *
     27               *    FreeRTOS provides completely free yet professionally developed,    *
     28               *    robust, strictly quality controlled, supported, and cross          *
     29               *    platform software that is more than just the market leader, it     *
     30               *    is the industry's de facto standard.                               *
     31               *                                                                       *
     32               *    Help yourself get started quickly while simultaneously helping     *
     33               *    to support the FreeRTOS project by purchasing a FreeRTOS           *
     34               *    tutorial book, reference manual, or both:                          *
     35               *    http://www.FreeRTOS.org/Documentation                              *
     36               *                                                                       *
     37              ***************************************************************************
     38          
     39              http://www.FreeRTOS.org/FAQHelp.html - Having a problem?  Start by reading
     40              the FAQ page "My application does not run, what could be wrong?".  Have you
     41              defined configASSERT()?
     42          
     43              http://www.FreeRTOS.org/support - In return for receiving this top quality
     44              embedded software for free we request you assist our global community by
     45              participating in the support forum.
     46          
     47              http://www.FreeRTOS.org/training - Investing in training allows your team to
     48              be as productive as possible as early as possible.  Now you can receive
     49              FreeRTOS training directly from Richard Barry, CEO of Real Time Engineers
     50              Ltd, and the world's leading authority on the world's leading RTOS.
     51          
     52              http://www.FreeRTOS.org/plus - A selection of FreeRTOS ecosystem products,
     53              including FreeRTOS+Trace - an indispensable productivity tool, a DOS
     54              compatible FAT file system, and our tiny thread aware UDP/IP stack.
     55          
     56              http://www.FreeRTOS.org/labs - Where new FreeRTOS products go to incubate.
     57              Come and try FreeRTOS+TCP, our new open source TCP/IP stack for FreeRTOS.
     58          
     59              http://www.OpenRTOS.com - Real Time Engineers ltd. license FreeRTOS to High
     60              Integrity Systems ltd. to sell under the OpenRTOS brand.  Low cost OpenRTOS
     61              licenses offer ticketed support, indemnification and commercial middleware.
     62          
     63              http://www.SafeRTOS.com - High Integrity Systems also provide a safety
     64              engineered and independently SIL3 certified version for use in safety and
     65              mission critical applications that require provable dependability.
     66          
     67              1 tab == 4 spaces!
     68          */
     69          
     70          /**
     71           * This version of flash .c is for use on systems that have limited stack space
     72           * and no display facilities.  The complete version can be found in the 
     73           * Demo/Common/Full directory.
     74           * 
     75           * Three tasks are created, each of which flash an LED at a different rate.  The first 
     76           * LED flashes every 200ms, the second every 400ms, the third every 600ms.
     77           *
     78           * The LED flash tasks provide instant visual feedback.  They show that the scheduler 
     79           * is still operational.
     80           *
     81           */
     82          
     83          
     84          #include <stdlib.h>
     85          
     86          /* Scheduler include files. */
     87          #include "FreeRTOS.h"
     88          #include "task.h"
     89          
     90          /* Demo program include files. */
     91          #include "partest.h"
     92          #include "flash.h"
     93          
     94          #define ledSTACK_SIZE		configMINIMAL_STACK_SIZE
     95          #define ledNUMBER_OF_LEDS	( 3 )
     96          #define ledFLASH_RATE_BASE	( ( TickType_t ) 333 )
     97          
     98          /* Variable used by the created tasks to calculate the LED number to use, and
     99          the rate at which they should flash the LED. */
    100          static volatile UBaseType_t uxFlashTaskNumber = 0;
    101          
    102          /* The task that is created three times. */
    103          static portTASK_FUNCTION_PROTO(vLEDFlashTask, pvParameters);
    104          
    105          /*-----------------------------------------------------------*/
    106          
    107          void vStartLEDFlashTasks(UBaseType_t uxPriority)
    108          {
    109              BaseType_t xLEDTask;
    110          
    111              /* Create the three tasks. */
    112              for (xLEDTask = 0; xLEDTask < ledNUMBER_OF_LEDS; ++xLEDTask)
    113              {
    114                  /* Spawn the task. */
    115                  xTaskCreate(vLEDFlashTask, "LEDx", ledSTACK_SIZE, NULL, uxPriority, (TaskHandle_t *) NULL);
    116              }
    117          }
    118          
    119          /*-----------------------------------------------------------*/
    120          
    121          static portTASK_FUNCTION(vLEDFlashTask, pvParameters)
    122          {
    123              TickType_t xFlashRate, xLastFlashTime;
    124              UBaseType_t uxLED;
    125          
    126              /* The parameters are not used. */
    127              (void) pvParameters;
    128          
    129              /* Calculate the LED and flash rate. */
    130              portENTER_CRITICAL();
    131              {
    132                  /* See which of the eight LED's we should use. */
    133                  uxLED = uxFlashTaskNumber;
    134          
    135                  /* Update so the next task uses the next LED. */
    136                  uxFlashTaskNumber++;
    137              }
    138              portEXIT_CRITICAL();
    139          
    140              xFlashRate = ledFLASH_RATE_BASE + (ledFLASH_RATE_BASE * (TickType_t) uxLED);
    141              xFlashRate /= portTICK_PERIOD_MS;
    142          
    143              /* We will turn the LED on and off again in the delay period, so each
    144                 delay is only half the total period. */
    145              xFlashRate /= (TickType_t) 2;
    146          
    147              /* We need to initialise xLastFlashTime prior to the first call to 
    148                 vTaskDelayUntil(). */
    149              xLastFlashTime = xTaskGetTickCount();
    150          
    151              for (;;)
    152              {
    153                  /* Delay for half the flash period then turn the LED on. */
    154                  vTaskDelayUntil(&xLastFlashTime, xFlashRate);
    155                  vParTestToggleLED(uxLED);
    156          
    157                  /* Delay for half the flash period then turn the LED off. */
    158                  vTaskDelayUntil(&xLastFlashTime, xFlashRate);
    159                  vParTestToggleLED(uxLED);
    160              }
    161          }                               /*lint !e715 !e818 !e830 Function definition must be standard for task creation. */

   Maximum stack usage in bytes:

   .cstack Function
   ------- --------
        8  vLEDFlashTask
              8 -> vParTestToggleLED
              8 -> vPortEnterCritical
              8 -> vPortExitCritical
              8 -> vTaskDelayUntil
              8 -> xTaskGetTickCount
       32  vStartLEDFlashTasks
             32 -> xTaskGenericCreate


   Section sizes:

   Bytes  Function/Label
   -----  --------------
       8  ?<Constant "LEDx">
       4  ??DataTable1
       4  ??DataTable1_1
       4  uxFlashTaskNumber
      80  vLEDFlashTask
      52  vStartLEDFlashTasks

 
   4 bytes in section .bss
   8 bytes in section .rodata
 140 bytes in section .text
 
 140 bytes of CODE  memory
   8 bytes of CONST memory
   4 bytes of DATA  memory

Errors: none
Warnings: none
